[ 2017-09-02T20:34:53+08:00 ] 192.168.56.101 /index.php/Home/Index/login/?var=value
INFO: [ app_init ] --START--
INFO: Run Behavior\BuildLiteBehavior [ RunTime:0.000014s ]
INFO: [ app_init ] --END-- [ RunTime:0.001731s ]
INFO: [ app_begin ] --START--
INFO: Run Behavior\ReadHtmlCacheBehavior [ RunTime:0.002417s ]
INFO: [ app_begin ] --END-- [ RunTime:0.002492s ]
INFO: [ view_parse ] --START--
INFO: Run Behavior\ParseTemplateBehavior [ RunTime:0.002108s ]
INFO: [ view_parse ] --END-- [ RunTime:0.002152s ]
INFO: [ view_filter ] --START--
INFO: Run Behavior\WriteHtmlCacheBehavior [ RunTime:0.001967s ]
INFO: [ view_filter ] --END-- [ RunTime:0.002009s ]
INFO: [ app_end ] --START--
INFO: Run Behavior\ShowPageTraceBehavior [ RunTime:0.002178s ]
INFO: [ app_end ] --END-- [ RunTime:0.002218s ]

[ 2017-09-02T20:34:53+08:00 ] 192.168.56.101 /favicon.ico
INFO: [ app_init ] --START--
INFO: Run Behavior\BuildLiteBehavior [ RunTime:0.000014s ]
INFO: [ app_init ] --END-- [ RunTime:0.001530s ]
INFO: [ app_begin ] --START--
INFO: Run Behavior\ReadHtmlCacheBehavior [ RunTime:0.001726s ]
INFO: [ app_begin ] --END-- [ RunTime:0.001773s ]
INFO: [ view_parse ] --START--
INFO: Run Behavior\ParseTemplateBehavior [ RunTime:0.001978s ]
INFO: [ view_parse ] --END-- [ RunTime:0.002022s ]
INFO: [ view_filter ] --START--
INFO: Run Behavior\WriteHtmlCacheBehavior [ RunTime:0.002361s ]
INFO: [ view_filter ] --END-- [ RunTime:0.002407s ]
INFO: [ app_end ] --START--
INFO: Run Behavior\ShowPageTraceBehavior [ RunTime:0.002315s ]
INFO: [ app_end ] --END-- [ RunTime:0.002355s ]

